** Message: 21:38:13.725: We got 4 as the workspace count, but there are only 1 workareas returned
[2m2025-12-30T03:38:14.029007Z[0m [34mDEBUG[0m [2mglycin::gobject[0m[2m:[0m Initialized logging
[2m2025-12-30T03:38:14.030302Z[0m [34mDEBUG[0m [2mglycin::sandbox[0m[2m:[0m Testing bwrap availability with: "bwrap" "--unshare-all" "--die-with-parent" "--chdir" "/" "--ro-bind" "/usr" "/usr" "--dev" "/dev" "--ro-bind-try" "/etc/ld.so.cache" "/etc/ld.so.cache" "--ro-bind-try" "/nix/store" "/nix/store" "--tmpfs" "/tmp-home" "--tmpfs" "/tmp-run" "--clearenv" "--setenv" "HOME" "/tmp-home" "--setenv" "XDG_RUNTIME_DIR" "/tmp-run" "--setenv" "RUST_LOG" "debug" "--setenv" "XDG_RUNTIME_DIR" "/run/user/1000" "--symlink" "/usr/lib" "/lib" "--symlink" "/usr/lib" "/lib64" "--seccomp" "24" "/usr/bin/true"
[2m2025-12-30T03:38:14.037153Z[0m [34mDEBUG[0m [2mglycin::sandbox[0m[2m:[0m bwrap availability test returned: Output { status: ExitStatus(unix_wait_status(0)), stdout: "", stderr: "Setting process memory limit\n" } (Signal: None, Code: Some(0))
[2m2025-12-30T03:38:14.037221Z[0m [34mDEBUG[0m [2mglycin::sandbox[0m[2m:[0m bwrap sandboxing available: true
[2m2025-12-30T03:38:14.037245Z[0m [34mDEBUG[0m [2mglycin::pool[0m[2m:[0m No existing loader/editor in pool. Spawning new one.
[2m2025-12-30T03:38:14.037733Z[0m [34mDEBUG[0m [2mglycin::sandbox[0m[2m:[0m Couldn't canonicalize path "/home/bizkit/.fontconfig": No such file or directory (os error 2)
[2m2025-12-30T03:38:14.037768Z[0m [34mDEBUG[0m [2mglycin::sandbox[0m[2m:[0m Couldn't canonicalize path "/home/bizkit/.local/share/fonts": No such file or directory (os error 2)
[2m2025-12-30T03:38:14.038268Z[0m [34mDEBUG[0m [2mglycin::dbus[0m[2m:[0m Spawning loader/editor:
    "bwrap" "--unshare-all" "--die-with-parent" "--chdir" "/" "--ro-bind" "/usr" "/usr" "--dev" "/dev" "--ro-bind-try" "/etc/ld.so.cache" "/etc/ld.so.cache" "--ro-bind-try" "/nix/store" "/nix/store" "--tmpfs" "/tmp-home" "--tmpfs" "/tmp-run" "--clearenv" "--setenv" "HOME" "/tmp-home" "--setenv" "XDG_RUNTIME_DIR" "/tmp-run" "--setenv" "RUST_LOG" "debug" "--setenv" "XDG_RUNTIME_DIR" "/run/user/1000" "--symlink" "/usr/lib" "/lib" "--symlink" "/usr/lib" "/lib64" "--ro-bind-try" "/etc/fonts/conf.d" "/etc/fonts/conf.d" "--ro-bind-try" "/etc/fonts/fonts.conf" "/etc/fonts/fonts.conf" "--ro-bind-try" "/home/bizkit/.cache/fontconfig" "/home/bizkit/.cache/fontconfig" "--ro-bind-try" "/home/bizkit/.fonts" "/home/bizkit/.fonts" "--ro-bind-try" "/var/cache/fontconfig" "/var/cache/fontconfig" "--bind-try" "/home/bizkit/.cache/glycin/usr/lib/glycin-loaders/2+/glycin-svg" "/home/bizkit/.cache/glycin/usr/lib/glycin-loaders/2+/glycin-svg" "--setenv" "XDG_CACHE_HOME" "/home/bizkit/.cache/glycin/usr/lib/glycin-loaders/2+/glycin-svg" "--seccomp" "25" "/usr/lib/glycin-loaders/2+/glycin-svg" "--dbus-fd" "24"
[2m2025-12-30T03:38:14.040362Z[0m [34mDEBUG[0m [2mglycin::dbus[0m[2m:[0m Loader stderr: Setting process memory limit
[2m2025-12-30T03:38:14.051649Z[0m [34mDEBUG[0m [2mglycin::dbus[0m[2m:[0m Loader stderr: [2025-12-30T03:38:14.051Z INFO  glycin_utils::instruction_handler] Loader glycin-svg v2.0.4 startup
[2m2025-12-30T03:38:14.051710Z[0m [34mDEBUG[0m [2mglycin::dbus[0m[2m:[0m Loader stderr: [2025-12-30T03:38:14.051Z DEBUG glycin_utils::instruction_handler] Creating zbus connection to glycin
[2m2025-12-30T03:38:14.052148Z[0m [34mDEBUG[0m [2mglycin::dbus[0m[2m:[0m Loader stderr: [2025-12-30T03:38:14.052Z DEBUG glycin_utils::instruction_handler] D-Bus connection to glycin created
[2m2025-12-30T03:38:14.054557Z[0m [34mDEBUG[0m [2mglycin_utils::editing::change_memory_format[0m[2m:[0m Starting to transform image format from B8g8r8a8Premultiplied to R8g8b8a8
[2m2025-12-30T03:38:14.055023Z[0m [34mDEBUG[0m [2mglycin_utils::editing::change_memory_format[0m[2m:[0m Transformation completed after 444.932µs
[2m2025-12-30T03:38:14.055329Z[0m [34mDEBUG[0m [2mglycin::dbus[0m[2m:[0m Loader stderr: [2025-12-30T03:38:14.055Z DEBUG glycin_utils::dbus_loader_api] Disconnecting /org/gnome/glycin/image/1
[2m2025-12-30T03:38:14.055348Z[0m [34mDEBUG[0m [2mglycin::dbus[0m[2m:[0m Loader stderr: [2025-12-30T03:38:14.055Z DEBUG glycin_utils::dbus_loader_api] Removed /org/gnome/glycin/image/1
[2m2025-12-30T03:38:14.203308Z[0m [34mDEBUG[0m [2mglycin::gobject[0m[2m:[0m Initialized logging
[2m2025-12-30T03:38:14.205288Z[0m [34mDEBUG[0m [2mglycin::sandbox[0m[2m:[0m Testing bwrap availability with: "bwrap" "--unshare-all" "--die-with-parent" "--chdir" "/" "--ro-bind" "/usr" "/usr" "--dev" "/dev" "--ro-bind-try" "/etc/ld.so.cache" "/etc/ld.so.cache" "--ro-bind-try" "/nix/store" "/nix/store" "--tmpfs" "/tmp-home" "--tmpfs" "/tmp-run" "--clearenv" "--setenv" "HOME" "/tmp-home" "--setenv" "XDG_RUNTIME_DIR" "/tmp-run" "--setenv" "RUST_LOG" "debug" "--setenv" "XDG_RUNTIME_DIR" "/run/user/1000" "--symlink" "/usr/lib" "/lib" "--symlink" "/usr/lib" "/lib64" "--seccomp" "15" "/usr/bin/true"
[2m2025-12-30T03:38:14.214932Z[0m [34mDEBUG[0m [2mglycin::sandbox[0m[2m:[0m bwrap availability test returned: Output { status: ExitStatus(unix_wait_status(0)), stdout: "", stderr: "Setting process memory limit\n" } (Signal: None, Code: Some(0))
[2m2025-12-30T03:38:14.215016Z[0m [34mDEBUG[0m [2mglycin::sandbox[0m[2m:[0m bwrap sandboxing available: true
[2m2025-12-30T03:38:14.215037Z[0m [34mDEBUG[0m [2mglycin::pool[0m[2m:[0m No existing loader/editor in pool. Spawning new one.
[2m2025-12-30T03:38:14.215565Z[0m [34mDEBUG[0m [2mglycin::sandbox[0m[2m:[0m Couldn't canonicalize path "/home/bizkit/.fontconfig": No such file or directory (os error 2)
[2m2025-12-30T03:38:14.215610Z[0m [34mDEBUG[0m [2mglycin::sandbox[0m[2m:[0m Couldn't canonicalize path "/home/bizkit/.local/share/fonts": No such file or directory (os error 2)
[2m2025-12-30T03:38:14.215888Z[0m [34mDEBUG[0m [2mglycin::dbus[0m[2m:[0m Spawning loader/editor:
    "bwrap" "--unshare-all" "--die-with-parent" "--chdir" "/" "--ro-bind" "/usr" "/usr" "--dev" "/dev" "--ro-bind-try" "/etc/ld.so.cache" "/etc/ld.so.cache" "--ro-bind-try" "/nix/store" "/nix/store" "--tmpfs" "/tmp-home" "--tmpfs" "/tmp-run" "--clearenv" "--setenv" "HOME" "/tmp-home" "--setenv" "XDG_RUNTIME_DIR" "/tmp-run" "--setenv" "RUST_LOG" "debug" "--setenv" "XDG_RUNTIME_DIR" "/run/user/1000" "--symlink" "/usr/lib" "/lib" "--symlink" "/usr/lib" "/lib64" "--ro-bind-try" "/etc/fonts/conf.d" "/etc/fonts/conf.d" "--ro-bind-try" "/etc/fonts/fonts.conf" "/etc/fonts/fonts.conf" "--ro-bind-try" "/home/bizkit/.cache/fontconfig" "/home/bizkit/.cache/fontconfig" "--ro-bind-try" "/home/bizkit/.fonts" "/home/bizkit/.fonts" "--ro-bind-try" "/var/cache/fontconfig" "/var/cache/fontconfig" "--bind-try" "/home/bizkit/.cache/glycin/usr/lib/glycin-loaders/2+/glycin-svg" "/home/bizkit/.cache/glycin/usr/lib/glycin-loaders/2+/glycin-svg" "--setenv" "XDG_CACHE_HOME" "/home/bizkit/.cache/glycin/usr/lib/glycin-loaders/2+/glycin-svg" "--seccomp" "16" "/usr/lib/glycin-loaders/2+/glycin-svg" "--dbus-fd" "15"
[2m2025-12-30T03:38:14.217992Z[0m [34mDEBUG[0m [2mglycin::dbus[0m[2m:[0m Loader stderr: Setting process memory limit
[2m2025-12-30T03:38:14.236143Z[0m [34mDEBUG[0m [2mglycin::dbus[0m[2m:[0m Loader stderr: [2025-12-30T03:38:14.236Z INFO  glycin_utils::instruction_handler] Loader glycin-svg v2.0.4 startup
[2m2025-12-30T03:38:14.236179Z[0m [34mDEBUG[0m [2mglycin::dbus[0m[2m:[0m Loader stderr: [2025-12-30T03:38:14.236Z DEBUG glycin_utils::instruction_handler] Creating zbus connection to glycin
[2m2025-12-30T03:38:14.236570Z[0m [34mDEBUG[0m [2mglycin::dbus[0m[2m:[0m Loader stderr: [2025-12-30T03:38:14.236Z DEBUG glycin_utils::instruction_handler] D-Bus connection to glycin created
[2m2025-12-30T03:38:14.239280Z[0m [34mDEBUG[0m [2mglycin_utils::editing::change_memory_format[0m[2m:[0m Starting to transform image format from B8g8r8a8Premultiplied to R8g8b8a8
[2m2025-12-30T03:38:14.239987Z[0m [34mDEBUG[0m [2mglycin_utils::editing::change_memory_format[0m[2m:[0m Transformation completed after 679.968µs
[2m2025-12-30T03:38:14.240507Z[0m [34mDEBUG[0m [2mglycin::dbus[0m[2m:[0m Loader stderr: [2025-12-30T03:38:14.240Z DEBUG glycin_utils::dbus_loader_api] Disconnecting /org/gnome/glycin/image/1
[2m2025-12-30T03:38:14.240536Z[0m [34mDEBUG[0m [2mglycin::dbus[0m[2m:[0m Loader stderr: [2025-12-30T03:38:14.240Z DEBUG glycin_utils::dbus_loader_api] Removed /org/gnome/glycin/image/1
[2m2025-12-30T03:38:14.242127Z[0m [34mDEBUG[0m [2mglycin::pool[0m[2m:[0m Using existing loader from pool.
[2m2025-12-30T03:38:14.244655Z[0m [34mDEBUG[0m [2mglycin_utils::editing::change_memory_format[0m[2m:[0m Starting to transform image format from B8g8r8a8Premultiplied to R8g8b8a8
[2m2025-12-30T03:38:14.244963Z[0m [34mDEBUG[0m [2mglycin_utils::editing::change_memory_format[0m[2m:[0m Transformation completed after 272.562µs
[2m2025-12-30T03:38:14.245279Z[0m [34mDEBUG[0m [2mglycin::dbus[0m[2m:[0m Loader stderr: [2025-12-30T03:38:14.245Z DEBUG glycin_utils::dbus_loader_api] Disconnecting /org/gnome/glycin/image/2
[2m2025-12-30T03:38:14.245295Z[0m [34mDEBUG[0m [2mglycin::dbus[0m[2m:[0m Loader stderr: [2025-12-30T03:38:14.245Z DEBUG glycin_utils::dbus_loader_api] Removed /org/gnome/glycin/image/2
[2m2025-12-30T03:38:14.246944Z[0m [34mDEBUG[0m [2mglycin::pool[0m[2m:[0m Using existing loader from pool.
[2m2025-12-30T03:38:14.248266Z[0m [34mDEBUG[0m [2mglycin_utils::editing::change_memory_format[0m[2m:[0m Starting to transform image format from B8g8r8a8Premultiplied to R8g8b8a8
[2m2025-12-30T03:38:14.248813Z[0m [34mDEBUG[0m [2mglycin_utils::editing::change_memory_format[0m[2m:[0m Transformation completed after 523.679µs
[2m2025-12-30T03:38:14.249096Z[0m [34mDEBUG[0m [2mglycin::dbus[0m[2m:[0m Loader stderr: [2025-12-30T03:38:14.249Z DEBUG glycin_utils::dbus_loader_api] Disconnecting /org/gnome/glycin/image/3
[2m2025-12-30T03:38:14.249110Z[0m [34mDEBUG[0m [2mglycin::dbus[0m[2m:[0m Loader stderr: [2025-12-30T03:38:14.249Z DEBUG glycin_utils::dbus_loader_api] Removed /org/gnome/glycin/image/3
[2m2025-12-30T03:38:14.255963Z[0m [34mDEBUG[0m [2mglycin::pool[0m[2m:[0m No existing loader/editor in pool. Spawning new one.
[2m2025-12-30T03:38:14.256368Z[0m [34mDEBUG[0m [2mglycin::dbus[0m[2m:[0m Spawning loader/editor:
    "bwrap" "--unshare-all" "--die-with-parent" "--chdir" "/" "--ro-bind" "/usr" "/usr" "--dev" "/dev" "--ro-bind-try" "/etc/ld.so.cache" "/etc/ld.so.cache" "--ro-bind-try" "/nix/store" "/nix/store" "--tmpfs" "/tmp-home" "--tmpfs" "/tmp-run" "--clearenv" "--setenv" "HOME" "/tmp-home" "--setenv" "XDG_RUNTIME_DIR" "/tmp-run" "--setenv" "RUST_LOG" "debug" "--setenv" "XDG_RUNTIME_DIR" "/run/user/1000" "--symlink" "/usr/lib" "/lib" "--symlink" "/usr/lib" "/lib64" "--seccomp" "18" "/usr/lib/glycin-loaders/2+/glycin-image-rs" "--dbus-fd" "17"
[2m2025-12-30T03:38:14.259357Z[0m [34mDEBUG[0m [2mglycin::dbus[0m[2m:[0m Loader stderr: Setting process memory limit
[2m2025-12-30T03:38:14.263645Z[0m [34mDEBUG[0m [2mglycin::dbus[0m[2m:[0m Loader stderr: [2025-12-30T03:38:14.263Z INFO  glycin_utils::instruction_handler] Loader glycin-image-rs v2.0.5 startup
[2m2025-12-30T03:38:14.263676Z[0m [34mDEBUG[0m [2mglycin::dbus[0m[2m:[0m Loader stderr: [2025-12-30T03:38:14.263Z DEBUG glycin_utils::instruction_handler] Creating zbus connection to glycin
[2m2025-12-30T03:38:14.264047Z[0m [34mDEBUG[0m [2mglycin::dbus[0m[2m:[0m Loader stderr: [2025-12-30T03:38:14.264Z DEBUG glycin_utils::instruction_handler] D-Bus connection to glycin created
[2m2025-12-30T03:38:14.264753Z[0m [34mDEBUG[0m [2mglycin_utils::editing::change_memory_format[0m[2m:[0m Same image format R8g8b8a8, no need for transformation
[2m2025-12-30T03:38:14.265074Z[0m [34mDEBUG[0m [2mglycin::dbus[0m[2m:[0m Loader stderr: [2025-12-30T03:38:14.265Z DEBUG glycin_utils::dbus_loader_api] Disconnecting /org/gnome/glycin/image/1
[2m2025-12-30T03:38:14.265209Z[0m [34mDEBUG[0m [2mglycin::dbus[0m[2m:[0m Loader stderr: [2025-12-30T03:38:14.265Z DEBUG glycin_utils::dbus_loader_api] Removed /org/gnome/glycin/image/1
[2m2025-12-30T03:38:14.303623Z[0m [34mDEBUG[0m [2mglycin::pool[0m[2m:[0m Using existing loader from pool.
[2m2025-12-30T03:38:14.305059Z[0m [34mDEBUG[0m [2mglycin_utils::editing::change_memory_format[0m[2m:[0m Starting to transform image format from B8g8r8a8Premultiplied to R8g8b8a8
[2m2025-12-30T03:38:14.305487Z[0m [34mDEBUG[0m [2mglycin_utils::editing::change_memory_format[0m[2m:[0m Transformation completed after 403.365µs
[2m2025-12-30T03:38:14.305911Z[0m [34mDEBUG[0m [2mglycin::dbus[0m[2m:[0m Loader stderr: [2025-12-30T03:38:14.305Z DEBUG glycin_utils::dbus_loader_api] Disconnecting /org/gnome/glycin/image/4
[2m2025-12-30T03:38:14.305930Z[0m [34mDEBUG[0m [2mglycin::dbus[0m[2m:[0m Loader stderr: [2025-12-30T03:38:14.305Z DEBUG glycin_utils::dbus_loader_api] Removed /org/gnome/glycin/image/4
[2m2025-12-30T03:38:14.322080Z[0m [34mDEBUG[0m [2mglycin::gobject[0m[2m:[0m Initialized logging
[2m2025-12-30T03:38:14.323603Z[0m [34mDEBUG[0m [2mglycin::sandbox[0m[2m:[0m Testing bwrap availability with: "bwrap" "--unshare-all" "--die-with-parent" "--chdir" "/" "--ro-bind" "/usr" "/usr" "--dev" "/dev" "--ro-bind-try" "/etc/ld.so.cache" "/etc/ld.so.cache" "--ro-bind-try" "/nix/store" "/nix/store" "--tmpfs" "/tmp-home" "--tmpfs" "/tmp-run" "--clearenv" "--setenv" "HOME" "/tmp-home" "--setenv" "XDG_RUNTIME_DIR" "/tmp-run" "--setenv" "RUST_LOG" "debug" "--setenv" "XDG_RUNTIME_DIR" "/run/user/1000" "--symlink" "/usr/lib" "/lib" "--symlink" "/usr/lib" "/lib64" "--seccomp" "17" "/usr/bin/true"
[2m2025-12-30T03:38:14.329832Z[0m [34mDEBUG[0m [2mglycin::sandbox[0m[2m:[0m bwrap availability test returned: Output { status: ExitStatus(unix_wait_status(0)), stdout: "", stderr: "Setting process memory limit\n" } (Signal: None, Code: Some(0))
[2m2025-12-30T03:38:14.329884Z[0m [34mDEBUG[0m [2mglycin::sandbox[0m[2m:[0m bwrap sandboxing available: true
[2m2025-12-30T03:38:14.329896Z[0m [34mDEBUG[0m [2mglycin::pool[0m[2m:[0m No existing loader/editor in pool. Spawning new one.
[2m2025-12-30T03:38:14.330285Z[0m [34mDEBUG[0m [2mglycin::sandbox[0m[2m:[0m Couldn't canonicalize path "/home/bizkit/.fontconfig": No such file or directory (os error 2)
[2m2025-12-30T03:38:14.330312Z[0m [34mDEBUG[0m [2mglycin::sandbox[0m[2m:[0m Couldn't canonicalize path "/home/bizkit/.local/share/fonts": No such file or directory (os error 2)
[2m2025-12-30T03:38:14.330504Z[0m [34mDEBUG[0m [2mglycin::dbus[0m[2m:[0m Spawning loader/editor:
    "bwrap" "--unshare-all" "--die-with-parent" "--chdir" "/" "--ro-bind" "/usr" "/usr" "--dev" "/dev" "--ro-bind-try" "/etc/ld.so.cache" "/etc/ld.so.cache" "--ro-bind-try" "/nix/store" "/nix/store" "--tmpfs" "/tmp-home" "--tmpfs" "/tmp-run" "--clearenv" "--setenv" "HOME" "/tmp-home" "--setenv" "XDG_RUNTIME_DIR" "/tmp-run" "--setenv" "RUST_LOG" "debug" "--setenv" "XDG_RUNTIME_DIR" "/run/user/1000" "--symlink" "/usr/lib" "/lib" "--symlink" "/usr/lib" "/lib64" "--ro-bind-try" "/etc/fonts/conf.d" "/etc/fonts/conf.d" "--ro-bind-try" "/etc/fonts/fonts.conf" "/etc/fonts/fonts.conf" "--ro-bind-try" "/home/bizkit/.cache/fontconfig" "/home/bizkit/.cache/fontconfig" "--ro-bind-try" "/home/bizkit/.fonts" "/home/bizkit/.fonts" "--ro-bind-try" "/var/cache/fontconfig" "/var/cache/fontconfig" "--bind-try" "/home/bizkit/.cache/glycin/usr/lib/glycin-loaders/2+/glycin-svg" "/home/bizkit/.cache/glycin/usr/lib/glycin-loaders/2+/glycin-svg" "--setenv" "XDG_CACHE_HOME" "/home/bizkit/.cache/glycin/usr/lib/glycin-loaders/2+/glycin-svg" "--seccomp" "18" "/usr/lib/glycin-loaders/2+/glycin-svg" "--dbus-fd" "17"
[2m2025-12-30T03:38:14.333750Z[0m [34mDEBUG[0m [2mglycin::dbus[0m[2m:[0m Loader stderr: Setting process memory limit
[2m2025-12-30T03:38:14.341772Z[0m [34mDEBUG[0m [2mglycin::dbus[0m[2m:[0m Loader stderr: [2025-12-30T03:38:14.341Z INFO  glycin_utils::instruction_handler] Loader glycin-svg v2.0.4 startup
[2m2025-12-30T03:38:14.341800Z[0m [34mDEBUG[0m [2mglycin::dbus[0m[2m:[0m Loader stderr: [2025-12-30T03:38:14.341Z DEBUG glycin_utils::instruction_handler] Creating zbus connection to glycin
[2m2025-12-30T03:38:14.342190Z[0m [34mDEBUG[0m [2mglycin::dbus[0m[2m:[0m Loader stderr: [2025-12-30T03:38:14.342Z DEBUG glycin_utils::instruction_handler] D-Bus connection to glycin created
[2m2025-12-30T03:38:14.344417Z[0m [34mDEBUG[0m [2mglycin_utils::editing::change_memory_format[0m[2m:[0m Starting to transform image format from B8g8r8a8Premultiplied to R8g8b8a8
[2m2025-12-30T03:38:14.345153Z[0m [34mDEBUG[0m [2mglycin_utils::editing::change_memory_format[0m[2m:[0m Transformation completed after 678.786µs
[2m2025-12-30T03:38:14.345507Z[0m [34mDEBUG[0m [2mglycin::dbus[0m[2m:[0m Loader stderr: [2025-12-30T03:38:14.345Z DEBUG glycin_utils::dbus_loader_api] Disconnecting /org/gnome/glycin/image/1
[2m2025-12-30T03:38:14.345519Z[0m [34mDEBUG[0m [2mglycin::dbus[0m[2m:[0m Loader stderr: [2025-12-30T03:38:14.345Z DEBUG glycin_utils::dbus_loader_api] Removed /org/gnome/glycin/image/1
[2m2025-12-30T03:38:14.347866Z[0m [34mDEBUG[0m [2mglycin::pool[0m[2m:[0m Using existing loader from pool.
[2m2025-12-30T03:38:14.349105Z[0m [34mDEBUG[0m [2mglycin_utils::editing::change_memory_format[0m[2m:[0m Starting to transform image format from B8g8r8a8Premultiplied to R8g8b8a8
[2m2025-12-30T03:38:14.349484Z[0m [34mDEBUG[0m [2mglycin_utils::editing::change_memory_format[0m[2m:[0m Transformation completed after 360.853µs
[2m2025-12-30T03:38:14.349720Z[0m [34mDEBUG[0m [2mglycin::dbus[0m[2m:[0m Loader stderr: [2025-12-30T03:38:14.349Z DEBUG glycin_utils::dbus_loader_api] Disconnecting /org/gnome/glycin/image/2
[2m2025-12-30T03:38:14.349758Z[0m [34mDEBUG[0m [2mglycin::dbus[0m[2m:[0m Loader stderr: [2025-12-30T03:38:14.349Z DEBUG glycin_utils::dbus_loader_api] Removed /org/gnome/glycin/image/2
[2m2025-12-30T03:38:14.351096Z[0m [34mDEBUG[0m [2mglycin::pool[0m[2m:[0m Using existing loader from pool.
[2m2025-12-30T03:38:14.356130Z[0m [34mDEBUG[0m [2mglycin_utils::editing::change_memory_format[0m[2m:[0m Starting to transform image format from B8g8r8a8Premultiplied to R8g8b8a8
[2m2025-12-30T03:38:14.356512Z[0m [34mDEBUG[0m [2mglycin_utils::editing::change_memory_format[0m[2m:[0m Transformation completed after 359.365µs
[2m2025-12-30T03:38:14.356885Z[0m [34mDEBUG[0m [2mglycin::dbus[0m[2m:[0m Loader stderr: [2025-12-30T03:38:14.356Z DEBUG glycin_utils::dbus_loader_api] Disconnecting /org/gnome/glycin/image/3
[2m2025-12-30T03:38:14.356951Z[0m [34mDEBUG[0m [2mglycin::dbus[0m[2m:[0m Loader stderr: [2025-12-30T03:38:14.356Z DEBUG glycin_utils::dbus_loader_api] Removed /org/gnome/glycin/image/3
